[2026-01-01 14:55:08] [ORCHESTRATOR] === LATTICE 10K TPS ESCALATION ORCHESTRATOR START ===
[2026-01-01 14:55:08] [ORCHESTRATOR] Starting orchestrated 10K TPS escalation with zero node death guarantee
[2026-01-01 14:55:08] [ORCHESTRATOR] Running component tests...
[2026-01-01 14:55:08] [ORCHESTRATOR] Testing node monitor...
[2026-01-01 14:55:08] [ORCHESTRATOR] Cleaning up orchestration processes...
[2026-01-01 14:55:08] [ORCHESTRATOR] Cleanup completed
[2026-01-01 15:00:26] [ORCHESTRATOR] === LATTICE 10K TPS ESCALATION ORCHESTRATOR START ===
[2026-01-01 15:00:26] [ORCHESTRATOR] Starting orchestrated 10K TPS escalation with zero node death guarantee
[2026-01-01 15:00:26] [ORCHESTRATOR] Running pre-flight checks...
[2026-01-01 15:00:26] [ORCHESTRATOR] WARNING: Port 8545 is already in use
[2026-01-01 15:00:26] [ORCHESTRATOR] WARNING: Port 8547 is already in use
[2026-01-01 15:00:26] [ORCHESTRATOR] WARNING: Port 8549 is already in use
[2026-01-01 15:00:26] [ORCHESTRATOR] WARNING: Port 8551 is already in use
[2026-01-01 15:00:26] [ORCHESTRATOR] Pre-flight checks completed
[2026-01-01 15:00:26] [ORCHESTRATOR] Initializing Lattice network...
[2026-01-01 15:00:26] [ORCHESTRATOR] Stopping existing nodes...
[2026-01-01 15:00:31] [ORCHESTRATOR] Cleaning up old data...
[2026-01-01 15:00:31] [ORCHESTRATOR] Starting 4-node network...
[2026-01-01 15:00:53] [ORCHESTRATOR] Waiting for network to stabilize...
[2026-01-01 15:01:23] [ORCHESTRATOR] Verifying network health...
[2026-01-01 15:01:23] [ORCHESTRATOR] Network initialized successfully: All 4 nodes healthy
[2026-01-01 15:01:23] [ORCHESTRATOR] Starting monitoring systems...
[2026-01-01 15:01:23] [ORCHESTRATOR] Starting node health monitor...
[2026-01-01 15:01:23] [ORCHESTRATOR] Node monitor started (PID: 46898)
[2026-01-01 15:01:23] [ORCHESTRATOR] Starting auto-recovery daemon...
[2026-01-01 15:01:23] [ORCHESTRATOR] Auto-recovery started (PID: 46912)
[2026-01-01 15:01:33] [ORCHESTRATOR] All monitoring systems started
[2026-01-01 15:01:33] [ORCHESTRATOR] Starting metrics collection...
[2026-01-01 15:01:33] [ORCHESTRATOR] Metrics collection started (PID: 47185)
[2026-01-01 15:01:33] [ORCHESTRATOR] Generating baseline performance report...
[2026-01-01 15:01:33] [ORCHESTRATOR] Collecting baseline metrics (60s)...
[2026-01-01 15:04:59] [ORCHESTRATOR] Cleaning up orchestration processes...
[2026-01-01 15:04:59] [ORCHESTRATOR] Cleanup completed
[2026-01-01 15:04:59] [ORCHESTRATOR] Analyzing baseline metrics...
[2026-01-01 15:04:59] [ORCHESTRATOR] Generating baseline dashboard...
[2026-01-01 15:04:59] [ORCHESTRATOR] Baseline report generated
[2026-01-01 15:04:59] [ORCHESTRATOR]   Metrics: [2026-01-01 15:01:33] Starting metrics collection for 60s with 5s interval
[2026-01-01 15:04:59] [ORCHESTRATOR]   Analysis: [2026-01-01 15:04:59] Metrics file not found: [2026-01-01 15:01:33] Starting metrics collection for 60s with 5s interval
[2026-01-01 15:04:59] [ORCHESTRATOR]   Dashboard: [2026-01-01 15:04:59] Generating performance dashboard: ./metrics/reports/dashboard_[2026-01-01 15:01:33] Starting metrics collection for 60s with 5s interval_20260101_150459.html
[2026-01-01 15:04:59] Dashboard generated: ./metrics/reports/dashboard_[2026-01-01 15:01:33] Starting metrics collection for 60s with 5s interval_20260101_150459.html
./metrics/reports/dashboard_[2026-01-01 15:01:33] Starting metrics collection for 60s with 5s interval_20260101_150459.html
[2026-01-01 15:05:29] [ORCHESTRATOR] Starting 10K TPS escalation plan...
[2026-01-01 15:05:29] [ORCHESTRATOR] ERROR: TPS escalation failed
[2026-01-01 15:05:29] [ORCHESTRATOR] === ORCHESTRATION FAILED DURING ESCALATION ===
[2026-01-01 15:05:29] [ORCHESTRATOR] Cleaning up orchestration processes...
[2026-01-01 15:05:29] [ORCHESTRATOR] Cleanup completed
[2026-01-01 15:07:46] [ORCHESTRATOR] === LATTICE 10K TPS ESCALATION ORCHESTRATOR START ===
[2026-01-01 15:07:46] [ORCHESTRATOR] Starting orchestrated 10K TPS escalation with zero node death guarantee
[2026-01-01 15:07:46] [ORCHESTRATOR] Running pre-flight checks...
[2026-01-01 15:07:46] [ORCHESTRATOR] WARNING: Port 8545 is already in use
[2026-01-01 15:07:46] [ORCHESTRATOR] WARNING: Port 8547 is already in use
[2026-01-01 15:07:46] [ORCHESTRATOR] WARNING: Port 8549 is already in use
[2026-01-01 15:07:46] [ORCHESTRATOR] WARNING: Port 8551 is already in use
[2026-01-01 15:07:46] [ORCHESTRATOR] Pre-flight checks completed
[2026-01-01 15:07:46] [ORCHESTRATOR] Initializing Lattice network...
[2026-01-01 15:07:46] [ORCHESTRATOR] Stopping existing nodes...
[2026-01-01 15:07:51] [ORCHESTRATOR] Cleaning up old data...
[2026-01-01 15:07:51] [ORCHESTRATOR] Starting 4-node network...
[2026-01-01 15:08:12] [ORCHESTRATOR] Waiting for network to stabilize...
[2026-01-01 15:08:42] [ORCHESTRATOR] Verifying network health...
[2026-01-01 15:08:42] [ORCHESTRATOR] Network initialized successfully: All 4 nodes healthy
[2026-01-01 15:08:42] [ORCHESTRATOR] Starting monitoring systems...
[2026-01-01 15:08:42] [ORCHESTRATOR] Starting node health monitor...
[2026-01-01 15:08:42] [ORCHESTRATOR] Node monitor started (PID: 65001)
[2026-01-01 15:08:42] [ORCHESTRATOR] Starting auto-recovery daemon...
[2026-01-01 15:08:42] [ORCHESTRATOR] Auto-recovery started (PID: 65014)
[2026-01-01 15:08:52] [ORCHESTRATOR] All monitoring systems started
[2026-01-01 15:08:52] [ORCHESTRATOR] Starting metrics collection...
[2026-01-01 15:08:52] [ORCHESTRATOR] Metrics collection started (PID: 65289)
[2026-01-01 15:08:52] [ORCHESTRATOR] Generating baseline performance report...
[2026-01-01 15:08:52] [ORCHESTRATOR] Collecting baseline metrics (60s)...
[2026-01-01 15:15:07] [ORCHESTRATOR] Cleaning up orchestration processes...
[2026-01-01 15:15:07] [ORCHESTRATOR] Cleanup completed
[2026-01-01 15:15:07] [ORCHESTRATOR] Analyzing baseline metrics...
[2026-01-01 15:15:07] [ORCHESTRATOR] Generating baseline dashboard...
[2026-01-01 15:15:07] [ORCHESTRATOR] Baseline report generated
[2026-01-01 15:15:07] [ORCHESTRATOR]   Metrics: [2026-01-01 15:08:52] Starting metrics collection for 60s with 5s interval
[2026-01-01 15:15:07] [ORCHESTRATOR]   Analysis: [2026-01-01 15:15:07] Metrics file not found: [2026-01-01 15:08:52] Starting metrics collection for 60s with 5s interval
[2026-01-01 15:15:07] [ORCHESTRATOR]   Dashboard: [2026-01-01 15:15:07] Generating performance dashboard: ./metrics/reports/dashboard_[2026-01-01 15:08:52] Starting metrics collection for 60s with 5s interval_20260101_151507.html
[2026-01-01 15:15:07] Dashboard generated: ./metrics/reports/dashboard_[2026-01-01 15:08:52] Starting metrics collection for 60s with 5s interval_20260101_151507.html
./metrics/reports/dashboard_[2026-01-01 15:08:52] Starting metrics collection for 60s with 5s interval_20260101_151507.html
[2026-01-01 15:15:21] [ORCHESTRATOR] Cleaning up orchestration processes...
[2026-01-01 15:15:21] [ORCHESTRATOR] Cleanup completed
[2026-01-01 15:15:21] [ORCHESTRATOR] Cleaning up orchestration processes...
[2026-01-01 15:15:21] [ORCHESTRATOR] Cleanup completed
